<?xml version="1.0" encoding="UTF-8"?>
<robot generator="Robot 7.0 (Python 3.12.2 on win32)" generated="2024-10-31T10:40:22.884499" rpa="false" schemaversion="5">
<suite id="s1" name="Klaverblad" source="D:\Robot\TestProject\Tests\Klaverblad.robot">
<test id="s1-t1" name="Test Webpage with validation" line="14">
<kw name="Get Current Date" owner="DateTime">
<msg time="2024-10-31T10:40:23.025367" level="INFO">${DatumVandaag} = 31-10-2024</msg>
<var>${DatumVandaag}</var>
<arg>result_format=%d-%m-%Y</arg>
<doc>Returns current local or UTC time with an optional increment.</doc>
<status status="PASS" start="2024-10-31T10:40:23.025367" elapsed="0.000000"/>
</kw>
<kw name="Open Browser" owner="SeleniumLibrary">
<msg time="2024-10-31T10:40:23.026367" level="INFO">Opening browser 'chrome' to base url 'https://www.klaverblad.nl/berekenen-en-afsluiten-verzekeringspakket.htm'.</msg>
<arg>${URL}</arg>
<arg>chrome</arg>
<arg>options=add_argument("--disable-search-engine-choice-screen")</arg>
<doc>Opens a new browser instance to the optional ``url``.</doc>
<status status="PASS" start="2024-10-31T10:40:23.026367" elapsed="1.806685"/>
</kw>
<kw name="Maximize Browser Window" owner="SeleniumLibrary">
<doc>Maximizes current browser window.</doc>
<status status="PASS" start="2024-10-31T10:40:24.834052" elapsed="0.037001"/>
</kw>
<kw name="Click Accepteer cookies">
<kw name="Sleep" owner="BuiltIn">
<msg time="2024-10-31T10:40:26.872530" level="INFO">Slept 2 seconds.</msg>
<arg>2s</arg>
<doc>Pauses the test executed for the given time.</doc>
<status status="PASS" start="2024-10-31T10:40:24.872053" elapsed="2.000477"/>
</kw>
<kw name="Click Element" owner="SeleniumLibrary">
<msg time="2024-10-31T10:40:26.872530" level="INFO">Clicking element 'id=bcAcceptAll'.</msg>
<arg>id=bcAcceptAll</arg>
<doc>Click the element identified by ``locator``.</doc>
<status status="PASS" start="2024-10-31T10:40:26.872530" elapsed="0.041019"/>
</kw>
<status status="PASS" start="2024-10-31T10:40:24.872053" elapsed="2.041496"/>
</kw>
<kw name="Controleer dat de pagina Premie berekenen Verzekeringspakket is geopend">
<kw name="Page Should Contain Element" owner="SeleniumLibrary">
<msg time="2024-10-31T10:40:26.920660" level="INFO">Current page contains element 'id:Premie_berekenen_Verzekeringsp-anchor'.</msg>
<arg>id:Premie_berekenen_Verzekeringsp-anchor</arg>
<doc>Verifies that element ``locator`` is found on the current page.</doc>
<status status="PASS" start="2024-10-31T10:40:26.913549" elapsed="0.007111"/>
</kw>
<kw name="Select Frame" owner="SeleniumLibrary">
<msg time="2024-10-31T10:40:26.920660" level="INFO">Selecting frame 'id:webmodule-iframe'.</msg>
<arg>id:webmodule-iframe</arg>
<doc>Sets frame identified by ``locator`` as the current frame.</doc>
<status status="PASS" start="2024-10-31T10:40:26.920660" elapsed="0.017002"/>
</kw>
<status status="PASS" start="2024-10-31T10:40:26.913549" elapsed="0.024113"/>
</kw>
<kw name="Klik op Aansprakelijkheidsverzekering">
<kw name="Click Element" owner="SeleniumLibrary">
<msg time="2024-10-31T10:40:26.938661" level="INFO">Clicking element 'id:label_gewenste_verzekeringen3'.</msg>
<arg>id:label_gewenste_verzekeringen3</arg>
<doc>Click the element identified by ``locator``.</doc>
<status status="PASS" start="2024-10-31T10:40:26.937662" elapsed="0.150041"/>
</kw>
<status status="PASS" start="2024-10-31T10:40:26.937662" elapsed="0.151044"/>
</kw>
<kw name="Klik op de knop rechts onder om naar de volgende pagina te gaan" owner="Resources">
<kw name="Wait Until Element Is Visible" owner="SeleniumLibrary">
<arg>id:_eventId_volgende</arg>
<doc>Waits until the element ``locator`` is visible.</doc>
<status status="PASS" start="2024-10-31T10:40:27.088706" elapsed="0.013003"/>
</kw>
<kw name="Sleep" owner="BuiltIn">
<msg time="2024-10-31T10:40:28.101851" level="INFO">Slept 1 second.</msg>
<arg>1s</arg>
<doc>Pauses the test executed for the given time.</doc>
<status status="PASS" start="2024-10-31T10:40:27.101709" elapsed="1.000142"/>
</kw>
<kw name="Capture Page Screenshot" owner="SeleniumLibrary">
<msg time="2024-10-31T10:40:28.227480" level="INFO" html="true">&lt;/td&gt;&lt;/tr&gt;&lt;tr&gt;&lt;td colspan="3"&gt;&lt;a href="selenium-screenshot-24.png"&gt;&lt;img src="selenium-screenshot-24.png" width="800px"&gt;&lt;/a&gt;</msg>
<doc>Takes a screenshot of the current page and embeds it into a log file.</doc>
<status status="PASS" start="2024-10-31T10:40:28.101851" elapsed="0.125629"/>
</kw>
<kw name="Click Button" owner="SeleniumLibrary">
<msg time="2024-10-31T10:40:28.227480" level="INFO">Clicking button 'id:_eventId_volgende'.</msg>
<arg>id:_eventId_volgende</arg>
<doc>Clicks the button identified by ``locator``.</doc>
<status status="PASS" start="2024-10-31T10:40:28.227480" elapsed="0.053006"/>
</kw>
<kw name="Sleep" owner="BuiltIn">
<msg time="2024-10-31T10:40:29.280871" level="INFO">Slept 1 second.</msg>
<arg>1s</arg>
<doc>Pauses the test executed for the given time.</doc>
<status status="PASS" start="2024-10-31T10:40:28.280486" elapsed="1.000385"/>
</kw>
<status status="PASS" start="2024-10-31T10:40:27.088706" elapsed="2.192165"/>
</kw>
<kw name="Kies bij Verzekering voor: &quot;Uzelf&quot;" owner="Resources">
<kw name="Wait Until Element Is Visible" owner="SeleniumLibrary">
<arg>id:label_contract_gezinssituatie1</arg>
<doc>Waits until the element ``locator`` is visible.</doc>
<status status="PASS" start="2024-10-31T10:40:29.280871" elapsed="0.013006"/>
</kw>
<kw name="Click Element" owner="SeleniumLibrary">
<msg time="2024-10-31T10:40:29.293877" level="INFO">Clicking element 'id:label_contract_gezinssituatie1'.</msg>
<arg>id:label_contract_gezinssituatie1</arg>
<doc>Click the element identified by ``locator``.</doc>
<status status="PASS" start="2024-10-31T10:40:29.293877" elapsed="0.044928"/>
</kw>
<status status="PASS" start="2024-10-31T10:40:29.280871" elapsed="0.057934"/>
</kw>
<kw name="Kies voor Gewenste verzekering voor &quot;zonder eigen risico&quot;" owner="Resources">
<kw name="Sleep" owner="BuiltIn">
<msg time="2024-10-31T10:40:30.340308" level="INFO">Slept 1 second.</msg>
<arg>1s</arg>
<doc>Pauses the test executed for the given time.</doc>
<status status="PASS" start="2024-10-31T10:40:29.339806" elapsed="1.000502"/>
</kw>
<kw name="Click Element" owner="SeleniumLibrary">
<msg time="2024-10-31T10:40:30.340308" level="INFO">Clicking element 'id:bedrag_aansprakelijkheid_hoog_zonder'.</msg>
<arg>id:bedrag_aansprakelijkheid_hoog_zonder</arg>
<doc>Click the element identified by ``locator``.</doc>
<status status="PASS" start="2024-10-31T10:40:30.340308" elapsed="0.046117"/>
</kw>
<status status="PASS" start="2024-10-31T10:40:29.338805" elapsed="1.048620"/>
</kw>
<kw name="Klik op de knop rechts onder om naar de volgende pagina te gaan" owner="Resources">
<kw name="Wait Until Element Is Visible" owner="SeleniumLibrary">
<arg>id:_eventId_volgende</arg>
<doc>Waits until the element ``locator`` is visible.</doc>
<status status="PASS" start="2024-10-31T10:40:30.387425" elapsed="0.009001"/>
</kw>
<kw name="Sleep" owner="BuiltIn">
<msg time="2024-10-31T10:40:31.396626" level="INFO">Slept 1 second.</msg>
<arg>1s</arg>
<doc>Pauses the test executed for the given time.</doc>
<status status="PASS" start="2024-10-31T10:40:30.396426" elapsed="1.000200"/>
</kw>
<kw name="Capture Page Screenshot" owner="SeleniumLibrary">
<msg time="2024-10-31T10:40:31.517717" level="INFO" html="true">&lt;/td&gt;&lt;/tr&gt;&lt;tr&gt;&lt;td colspan="3"&gt;&lt;a href="selenium-screenshot-25.png"&gt;&lt;img src="selenium-screenshot-25.png" width="800px"&gt;&lt;/a&gt;</msg>
<doc>Takes a screenshot of the current page and embeds it into a log file.</doc>
<status status="PASS" start="2024-10-31T10:40:31.396626" elapsed="0.121091"/>
</kw>
<kw name="Click Button" owner="SeleniumLibrary">
<msg time="2024-10-31T10:40:31.517717" level="INFO">Clicking button 'id:_eventId_volgende'.</msg>
<arg>id:_eventId_volgende</arg>
<doc>Clicks the button identified by ``locator``.</doc>
<status status="PASS" start="2024-10-31T10:40:31.517717" elapsed="0.051388"/>
</kw>
<kw name="Sleep" owner="BuiltIn">
<msg time="2024-10-31T10:40:32.569204" level="INFO">Slept 1 second.</msg>
<arg>1s</arg>
<doc>Pauses the test executed for the given time.</doc>
<status status="PASS" start="2024-10-31T10:40:31.569105" elapsed="1.000099"/>
</kw>
<status status="PASS" start="2024-10-31T10:40:30.387425" elapsed="2.181779"/>
</kw>
<kw name="Klik op de knop rechts onder om naar de volgende pagina te gaan" owner="Resources">
<kw name="Wait Until Element Is Visible" owner="SeleniumLibrary">
<arg>id:_eventId_volgende</arg>
<doc>Waits until the element ``locator`` is visible.</doc>
<status status="PASS" start="2024-10-31T10:40:32.569204" elapsed="0.010005"/>
</kw>
<kw name="Sleep" owner="BuiltIn">
<msg time="2024-10-31T10:40:33.579561" level="INFO">Slept 1 second.</msg>
<arg>1s</arg>
<doc>Pauses the test executed for the given time.</doc>
<status status="PASS" start="2024-10-31T10:40:32.579209" elapsed="1.000352"/>
</kw>
<kw name="Capture Page Screenshot" owner="SeleniumLibrary">
<msg time="2024-10-31T10:40:33.721174" level="INFO" html="true">&lt;/td&gt;&lt;/tr&gt;&lt;tr&gt;&lt;td colspan="3"&gt;&lt;a href="selenium-screenshot-26.png"&gt;&lt;img src="selenium-screenshot-26.png" width="800px"&gt;&lt;/a&gt;</msg>
<doc>Takes a screenshot of the current page and embeds it into a log file.</doc>
<status status="PASS" start="2024-10-31T10:40:33.579561" elapsed="0.141613"/>
</kw>
<kw name="Click Button" owner="SeleniumLibrary">
<msg time="2024-10-31T10:40:33.722221" level="INFO">Clicking button 'id:_eventId_volgende'.</msg>
<arg>id:_eventId_volgende</arg>
<doc>Clicks the button identified by ``locator``.</doc>
<status status="PASS" start="2024-10-31T10:40:33.722221" elapsed="0.050150"/>
</kw>
<kw name="Sleep" owner="BuiltIn">
<msg time="2024-10-31T10:40:34.773711" level="INFO">Slept 1 second.</msg>
<arg>1s</arg>
<doc>Pauses the test executed for the given time.</doc>
<status status="PASS" start="2024-10-31T10:40:33.773373" elapsed="1.000338"/>
</kw>
<status status="PASS" start="2024-10-31T10:40:32.569204" elapsed="2.204507"/>
</kw>
<kw name="Vul voor het veld" owner="Resources">
<kw name="Input Text" owner="SeleniumLibrary">
<msg time="2024-10-31T10:40:34.773711" level="INFO">Typing text 'D.E.M.O.' into text field 'id=aanvrager.voorletters'.</msg>
<arg>id=${Selector}</arg>
<arg>${Value}</arg>
<doc>Types the given ``text`` into the text field identified by ``locator``.</doc>
<status status="PASS" start="2024-10-31T10:40:34.773711" elapsed="0.090816"/>
</kw>
<arg>aanvrager.voorletters</arg>
<arg>D.E.M.O.</arg>
<status status="PASS" start="2024-10-31T10:40:34.773711" elapsed="0.090816"/>
</kw>
<kw name="Vul voor het veld" owner="Resources">
<kw name="Input Text" owner="SeleniumLibrary">
<msg time="2024-10-31T10:40:34.865528" level="INFO">Typing text 'RobotFrameWork' into text field 'id=aanvrager.achternaam'.</msg>
<arg>id=${Selector}</arg>
<arg>${Value}</arg>
<doc>Types the given ``text`` into the text field identified by ``locator``.</doc>
<status status="PASS" start="2024-10-31T10:40:34.865528" elapsed="0.120517"/>
</kw>
<arg>aanvrager.achternaam</arg>
<arg>RobotFrameWork</arg>
<status status="PASS" start="2024-10-31T10:40:34.865528" elapsed="0.120517"/>
</kw>
<kw name="Klik op Geslacht Man" owner="Resources">
<kw name="Click Element" owner="SeleniumLibrary">
<msg time="2024-10-31T10:40:34.987045" level="INFO">Clicking element 'id=label_aanvrager_geslacht1'.</msg>
<arg>id=label_aanvrager_geslacht1</arg>
<doc>Click the element identified by ``locator``.</doc>
<status status="PASS" start="2024-10-31T10:40:34.987045" elapsed="0.056174"/>
</kw>
<status status="PASS" start="2024-10-31T10:40:34.987045" elapsed="0.056174"/>
</kw>
<kw name="Vul voor het veld" owner="Resources">
<kw name="Input Text" owner="SeleniumLibrary">
<msg time="2024-10-31T10:40:35.044219" level="INFO">Typing text 'D.E.M.O.' into text field 'id=aanvrager.geboortedatum'.</msg>
<arg>id=${Selector}</arg>
<arg>${Value}</arg>
<doc>Types the given ``text`` into the text field identified by ``locator``.</doc>
<status status="PASS" start="2024-10-31T10:40:35.044219" elapsed="0.071003"/>
</kw>
<arg>aanvrager.geboortedatum</arg>
<arg>D.E.M.O.</arg>
<status status="PASS" start="2024-10-31T10:40:35.044219" elapsed="0.071003"/>
</kw>
<kw name="Vul voor het veld" owner="Resources">
<kw name="Input Text" owner="SeleniumLibrary">
<msg time="2024-10-31T10:40:35.116230" level="INFO">Typing text '2652JB' into text field 'id=aanvrager.adres.postcode'.</msg>
<arg>id=${Selector}</arg>
<arg>${Value}</arg>
<doc>Types the given ``text`` into the text field identified by ``locator``.</doc>
<status status="PASS" start="2024-10-31T10:40:35.116230" elapsed="0.071514"/>
</kw>
<arg>aanvrager.adres.postcode</arg>
<arg>2652JB</arg>
<status status="PASS" start="2024-10-31T10:40:35.116230" elapsed="0.071514"/>
</kw>
<kw name="Vul voor het veld" owner="Resources">
<kw name="Input Text" owner="SeleniumLibrary">
<msg time="2024-10-31T10:40:35.187744" level="INFO">Typing text '23' into text field 'id=aanvrager.adres.huisnummer.nummer'.</msg>
<arg>id=${Selector}</arg>
<arg>${Value}</arg>
<doc>Types the given ``text`` into the text field identified by ``locator``.</doc>
<status status="PASS" start="2024-10-31T10:40:35.187744" elapsed="0.059515"/>
</kw>
<arg>aanvrager.adres.huisnummer.nummer</arg>
<arg>23</arg>
<status status="PASS" start="2024-10-31T10:40:35.187744" elapsed="0.060513"/>
</kw>
<kw name="Vul voor het veld" owner="Resources">
<kw name="Input Text" owner="SeleniumLibrary">
<msg time="2024-10-31T10:40:35.248257" level="INFO">Typing text '0612312312' into text field 'id=aanvrager.telefoon'.</msg>
<arg>id=${Selector}</arg>
<arg>${Value}</arg>
<doc>Types the given ``text`` into the text field identified by ``locator``.</doc>
<status status="PASS" start="2024-10-31T10:40:35.248257" elapsed="0.079006"/>
</kw>
<arg>aanvrager.telefoon</arg>
<arg>0612312312</arg>
<status status="PASS" start="2024-10-31T10:40:35.248257" elapsed="0.079006"/>
</kw>
<kw name="Vul voor het veld" owner="Resources">
<kw name="Input Text" owner="SeleniumLibrary">
<msg time="2024-10-31T10:40:35.327263" level="INFO">Typing text '21-09-1980' into text field 'id=aanvrager.geboortedatum'.</msg>
<arg>id=${Selector}</arg>
<arg>${Value}</arg>
<doc>Types the given ``text`` into the text field identified by ``locator``.</doc>
<status status="PASS" start="2024-10-31T10:40:35.327263" elapsed="0.085237"/>
</kw>
<arg>aanvrager.geboortedatum</arg>
<arg>21-09-1980</arg>
<status status="PASS" start="2024-10-31T10:40:35.327263" elapsed="0.085237"/>
</kw>
<kw name="Vul voor het veld" owner="Resources">
<kw name="Input Text" owner="SeleniumLibrary">
<msg time="2024-10-31T10:40:35.413500" level="INFO">Typing text 'test@klaverblad.nl' into text field 'id=aanvrager.email'.</msg>
<arg>id=${Selector}</arg>
<arg>${Value}</arg>
<doc>Types the given ``text`` into the text field identified by ``locator``.</doc>
<status status="PASS" start="2024-10-31T10:40:35.413500" elapsed="0.111028"/>
</kw>
<arg>aanvrager.email</arg>
<arg>test@klaverblad.nl</arg>
<status status="PASS" start="2024-10-31T10:40:35.413500" elapsed="0.111028"/>
</kw>
<kw name="Vul voor het veld" owner="Resources">
<kw name="Input Text" owner="SeleniumLibrary">
<msg time="2024-10-31T10:40:35.525532" level="INFO">Typing text '21-09-1980' into text field 'id=aanvrager.geboortedatum'.</msg>
<arg>id=${Selector}</arg>
<arg>${Value}</arg>
<doc>Types the given ``text`` into the text field identified by ``locator``.</doc>
<status status="PASS" start="2024-10-31T10:40:35.525532" elapsed="0.084043"/>
</kw>
<arg>aanvrager.geboortedatum</arg>
<arg>21-09-1980</arg>
<status status="PASS" start="2024-10-31T10:40:35.524528" elapsed="0.085047"/>
</kw>
<kw name="Vul voor het veld" owner="Resources">
<kw name="Input Text" owner="SeleniumLibrary">
<msg time="2024-10-31T10:40:35.609575" level="INFO">Typing text 'test@klaverblad.nl' into text field 'id=aanvrager.email'.</msg>
<arg>id=${Selector}</arg>
<arg>${Value}</arg>
<doc>Types the given ``text`` into the text field identified by ``locator``.</doc>
<status status="PASS" start="2024-10-31T10:40:35.609575" elapsed="0.092367"/>
</kw>
<arg>aanvrager.email</arg>
<arg>test@klaverblad.nl</arg>
<status status="PASS" start="2024-10-31T10:40:35.609575" elapsed="0.092367"/>
</kw>
<kw name="Vul voor het veld" owner="Resources">
<kw name="Input Text" owner="SeleniumLibrary">
<msg time="2024-10-31T10:40:35.702944" level="INFO">Typing text 'NL05RABO9007769359' into text field 'id=contract.rekening'.</msg>
<arg>id=${Selector}</arg>
<arg>${Value}</arg>
<doc>Types the given ``text`` into the text field identified by ``locator``.</doc>
<status status="PASS" start="2024-10-31T10:40:35.701942" elapsed="0.102044"/>
</kw>
<arg>contract.rekening</arg>
<arg>NL05RABO9007769359</arg>
<status status="PASS" start="2024-10-31T10:40:35.701942" elapsed="0.102044"/>
</kw>
<kw name="Vul voor het veld" owner="Resources">
<kw name="Input Text" owner="SeleniumLibrary">
<msg time="2024-10-31T10:40:35.804985" level="INFO">Typing text '31-10-2024' into text field 'id=aansprakelijkheidsverzekering.contract.ingangsdatum'.</msg>
<arg>id=${Selector}</arg>
<arg>${Value}</arg>
<doc>Types the given ``text`` into the text field identified by ``locator``.</doc>
<status status="PASS" start="2024-10-31T10:40:35.804985" elapsed="0.077515"/>
</kw>
<arg>aansprakelijkheidsverzekering.contract.ingangsdatum</arg>
<arg>${DatumVandaag}</arg>
<status status="PASS" start="2024-10-31T10:40:35.803986" elapsed="0.078514"/>
</kw>
<kw name="Klik bij Heeft u nog opmerkingen op Nee" owner="Resources">
<kw name="Click Element" owner="SeleniumLibrary">
<msg time="2024-10-31T10:40:35.883500" level="INFO">Clicking element 'id=label_contract_zijnErOpmerkingen2'.</msg>
<arg>id=label_contract_zijnErOpmerkingen2</arg>
<doc>Click the element identified by ``locator``.</doc>
<status status="PASS" start="2024-10-31T10:40:35.883500" elapsed="0.055072"/>
</kw>
<status status="PASS" start="2024-10-31T10:40:35.882500" elapsed="0.056072"/>
</kw>
<kw name="Zet een vink &quot;bij Ik begrijp deze uitleg en vul de vragen eerlijk in&quot;" owner="Resources">
<kw name="Click Element" owner="SeleniumLibrary">
<msg time="2024-10-31T10:40:35.939572" level="INFO">Clicking element 'xpath=//*[@id="webmoduleform"]/div/fieldset[3]/div[1]/div[3]/ins'.</msg>
<arg>xpath=//*[@id="webmoduleform"]/div/fieldset[3]/div[1]/div[3]/ins</arg>
<doc>Click the element identified by ``locator``.</doc>
<status status="PASS" start="2024-10-31T10:40:35.939572" elapsed="0.053000"/>
</kw>
<status status="PASS" start="2024-10-31T10:40:35.939572" elapsed="0.053000"/>
</kw>
<kw name="Zet vervolgens alle Radiobuttons op Nee" owner="Resources">
<kw name="Click Element" owner="SeleniumLibrary">
<msg time="2024-10-31T10:40:35.993571" level="INFO">Clicking element 'xpath=//*[@id="keuzes.verklaring0"]/li[2]/div/ins'.</msg>
<arg>xpath=//*[@id="keuzes.verklaring0"]/li[2]/div/ins</arg>
<doc>Click the element identified by ``locator``.</doc>
<status status="PASS" start="2024-10-31T10:40:35.993571" elapsed="0.051179"/>
</kw>
<kw name="Click Element" owner="SeleniumLibrary">
<msg time="2024-10-31T10:40:36.045748" level="INFO">Clicking element 'xpath=//*[@id="keuzes.verklaring1"]/li[2]/div/ins'.</msg>
<arg>xpath=//*[@id="keuzes.verklaring1"]/li[2]/div/ins</arg>
<doc>Click the element identified by ``locator``.</doc>
<status status="PASS" start="2024-10-31T10:40:36.045748" elapsed="0.048000"/>
</kw>
<kw name="Click Element" owner="SeleniumLibrary">
<msg time="2024-10-31T10:40:36.093748" level="INFO">Clicking element 'xpath=//*[@id="keuzes.verklaring2"]/li[2]/div/ins'.</msg>
<arg>xpath=//*[@id="keuzes.verklaring2"]/li[2]/div/ins</arg>
<doc>Click the element identified by ``locator``.</doc>
<status status="PASS" start="2024-10-31T10:40:36.093748" elapsed="0.045512"/>
</kw>
<kw name="Click Element" owner="SeleniumLibrary">
<msg time="2024-10-31T10:40:36.139260" level="INFO">Clicking element 'xpath=//*[@id="keuzes.verklaring3"]/li[2]/div/ins'.</msg>
<arg>xpath=//*[@id="keuzes.verklaring3"]/li[2]/div/ins</arg>
<doc>Click the element identified by ``locator``.</doc>
<status status="PASS" start="2024-10-31T10:40:36.139260" elapsed="0.047000"/>
</kw>
<kw name="Click Element" owner="SeleniumLibrary">
<msg time="2024-10-31T10:40:36.186260" level="INFO">Clicking element 'xpath=//*[@id="keuzes.verklaring4"]/li[2]/div/ins'.</msg>
<arg>xpath=//*[@id="keuzes.verklaring4"]/li[2]/div/ins</arg>
<doc>Click the element identified by ``locator``.</doc>
<status status="PASS" start="2024-10-31T10:40:36.186260" elapsed="0.050518"/>
</kw>
<status status="PASS" start="2024-10-31T10:40:35.993571" elapsed="0.243207"/>
</kw>
<kw name="Klik op &quot;Ik ben akkoord met onderstaande bepalingen:&quot;" owner="Resources">
<kw name="Click Element" owner="SeleniumLibrary">
<msg time="2024-10-31T10:40:36.237776" level="INFO">Clicking element 'xpath=//*[@id="webmoduleform"]/div/fieldset[4]/div[2]/div[2]/ins'.</msg>
<arg>xpath=//*[@id="webmoduleform"]/div/fieldset[4]/div[2]/div[2]/ins</arg>
<doc>Click the element identified by ``locator``.</doc>
<status status="PASS" start="2024-10-31T10:40:36.237776" elapsed="0.047002"/>
</kw>
<status status="PASS" start="2024-10-31T10:40:36.237776" elapsed="0.047002"/>
</kw>
<kw name="Klik op de knop rechts onder om naar de volgende pagina te gaan" owner="Resources">
<kw name="Wait Until Element Is Visible" owner="SeleniumLibrary">
<arg>id:_eventId_volgende</arg>
<doc>Waits until the element ``locator`` is visible.</doc>
<status status="PASS" start="2024-10-31T10:40:36.285777" elapsed="0.008999"/>
</kw>
<kw name="Sleep" owner="BuiltIn">
<msg time="2024-10-31T10:40:37.295005" level="INFO">Slept 1 second.</msg>
<arg>1s</arg>
<doc>Pauses the test executed for the given time.</doc>
<status status="PASS" start="2024-10-31T10:40:36.294776" elapsed="1.000229"/>
</kw>
<kw name="Capture Page Screenshot" owner="SeleniumLibrary">
<msg time="2024-10-31T10:40:37.411196" level="INFO" html="true">&lt;/td&gt;&lt;/tr&gt;&lt;tr&gt;&lt;td colspan="3"&gt;&lt;a href="selenium-screenshot-27.png"&gt;&lt;img src="selenium-screenshot-27.png" width="800px"&gt;&lt;/a&gt;</msg>
<doc>Takes a screenshot of the current page and embeds it into a log file.</doc>
<status status="PASS" start="2024-10-31T10:40:37.295005" elapsed="0.116191"/>
</kw>
<kw name="Click Button" owner="SeleniumLibrary">
<msg time="2024-10-31T10:40:37.411196" level="INFO">Clicking button 'id:_eventId_volgende'.</msg>
<arg>id:_eventId_volgende</arg>
<doc>Clicks the button identified by ``locator``.</doc>
<status status="PASS" start="2024-10-31T10:40:37.411196" elapsed="0.071121"/>
</kw>
<kw name="Sleep" owner="BuiltIn">
<msg time="2024-10-31T10:40:38.482574" level="INFO">Slept 1 second.</msg>
<arg>1s</arg>
<doc>Pauses the test executed for the given time.</doc>
<status status="PASS" start="2024-10-31T10:40:37.482317" elapsed="1.000257"/>
</kw>
<status status="PASS" start="2024-10-31T10:40:36.285777" elapsed="2.196797"/>
</kw>
<kw name="Controleer dat voor" owner="Resources">
<kw name="Element Text Should Be" owner="SeleniumLibrary">
<msg time="2024-10-31T10:40:38.482574" level="INFO">Verifying element 'id=waarde.vn.huisnummer' contains exact text '23'.</msg>
<arg>id=${Selector}</arg>
<arg>${Value}</arg>
<doc>Verifies that element ``locator`` contains exact the text ``expected``.</doc>
<status status="PASS" start="2024-10-31T10:40:38.482574" elapsed="0.017389"/>
</kw>
<arg>waarde.vn.huisnummer</arg>
<arg>23</arg>
<status status="PASS" start="2024-10-31T10:40:38.482574" elapsed="0.017389"/>
</kw>
<kw name="Controleer dat voor" owner="Resources">
<kw name="Element Text Should Be" owner="SeleniumLibrary">
<msg time="2024-10-31T10:40:38.500964" level="INFO">Verifying element 'id=waarde.vn.plaats' contains exact text 'Berkel en Rodenrijs'.</msg>
<arg>id=${Selector}</arg>
<arg>${Value}</arg>
<doc>Verifies that element ``locator`` contains exact the text ``expected``.</doc>
<status status="PASS" start="2024-10-31T10:40:38.500964" elapsed="0.009998"/>
</kw>
<arg>waarde.vn.plaats</arg>
<arg>Berkel en Rodenrijs</arg>
<status status="PASS" start="2024-10-31T10:40:38.499963" elapsed="0.010999"/>
</kw>
<kw name="Capture Page Screenshot" owner="SeleniumLibrary">
<msg time="2024-10-31T10:40:38.632486" level="INFO" html="true">&lt;/td&gt;&lt;/tr&gt;&lt;tr&gt;&lt;td colspan="3"&gt;&lt;a href="selenium-screenshot-28.png"&gt;&lt;img src="selenium-screenshot-28.png" width="800px"&gt;&lt;/a&gt;</msg>
<doc>Takes a screenshot of the current page and embeds it into a log file.</doc>
<status status="PASS" start="2024-10-31T10:40:38.511962" elapsed="0.120524"/>
</kw>
<kw name="Close Browser" owner="SeleniumLibrary" type="TEARDOWN">
<doc>Closes the current browser.</doc>
<status status="PASS" start="2024-10-31T10:40:38.632486" elapsed="2.128951"/>
</kw>
<status status="PASS" start="2024-10-31T10:40:23.024367" elapsed="17.737070"/>
</test>
<doc>This is the first test case</doc>
<status status="PASS" start="2024-10-31T10:40:22.885499" elapsed="17.876941"/>
</suite>
<statistics>
<total>
<stat pass="1" fail="0" skip="0">All Tests</stat>
</total>
<tag>
</tag>
<suite>
<stat pass="1" fail="0" skip="0" id="s1" name="Klaverblad">Klaverblad</stat>
</suite>
</statistics>
<errors>
</errors>
</robot>
