<?xml version="1.0" encoding="UTF-8"?>
<robot generator="Robot 7.0 (Python 3.12.2 on win32)" generated="2024-10-31T11:57:48.860778" rpa="false" schemaversion="5">
<suite id="s1" name="TestcasesSelenium" source="D:\Robot\TestProject\Tests\TestcasesSelenium.robot">
<test id="s1-t1" name="Test Webpage with validation tweakers" line="14">
<kw name="Open Browser" owner="SeleniumLibrary">
<msg time="2024-10-31T11:57:49.000290" level="INFO">Opening browser 'chrome' to base url 'https://tweakers.net/'.</msg>
<arg>${URL}</arg>
<arg>chrome</arg>
<arg>options=add_argument("--disable-search-engine-choice-screen")</arg>
<doc>Opens a new browser instance to the optional ``url``.</doc>
<status status="PASS" start="2024-10-31T11:57:49.000290" elapsed="1.596196"/>
</kw>
<kw name="Capture Page Screenshot" owner="SeleniumLibrary">
<msg time="2024-10-31T11:57:50.769136" level="INFO" html="true">&lt;/td&gt;&lt;/tr&gt;&lt;tr&gt;&lt;td colspan="3"&gt;&lt;a href="selenium-screenshot-115.png"&gt;&lt;img src="selenium-screenshot-115.png" width="800px"&gt;&lt;/a&gt;</msg>
<doc>Takes a screenshot of the current page and embeds it into a log file.</doc>
<status status="PASS" start="2024-10-31T11:57:50.596486" elapsed="0.172650"/>
</kw>
<kw name="Sleep" owner="BuiltIn">
<msg time="2024-10-31T11:57:52.770154" level="INFO">Slept 2 seconds.</msg>
<arg>2s</arg>
<doc>Pauses the test executed for the given time.</doc>
<status status="PASS" start="2024-10-31T11:57:50.769136" elapsed="2.001018"/>
</kw>
<kw name="Close Browser" owner="SeleniumLibrary" type="TEARDOWN">
<doc>Closes the current browser.</doc>
<status status="PASS" start="2024-10-31T11:57:52.770154" elapsed="2.108573"/>
</kw>
<status status="PASS" start="2024-10-31T11:57:48.999289" elapsed="5.879438"/>
</test>
<doc>This is the first test case</doc>
<status status="PASS" start="2024-10-31T11:57:48.861779" elapsed="6.017953"/>
</suite>
<statistics>
<total>
<stat pass="1" fail="0" skip="0">All Tests</stat>
</total>
<tag>
</tag>
<suite>
<stat pass="1" fail="0" skip="0" id="s1" name="TestcasesSelenium">TestcasesSelenium</stat>
</suite>
</statistics>
<errors>
</errors>
</robot>
