<?xml version="1.0" encoding="UTF-8"?>
<robot generator="Robot 7.0 (Python 3.12.2 on win32)" generated="2024-10-10T11:20:39.256652" rpa="false" schemaversion="5">
<suite id="s1" name="Klaverblad" source="D:\Robot\TestProject\Tests\Klaverblad.robot">
<test id="s1-t1" name="Test Webpage with validation" line="14">
<kw name="Get Current Date" owner="DateTime">
<msg time="2024-10-10T11:20:39.402334" level="INFO">${DatumVandaag} = 10-10-2024</msg>
<var>${DatumVandaag}</var>
<arg>result_format=%d-%m-%Y</arg>
<doc>Returns current local or UTC time with an optional increment.</doc>
<status status="PASS" start="2024-10-10T11:20:39.401335" elapsed="0.000999"/>
</kw>
<kw name="Open Browser" owner="SeleniumLibrary">
<msg time="2024-10-10T11:20:39.402334" level="INFO">Opening browser 'Chrome' to base url 'https://www.klaverblad.nl/berekenen-en-afsluiten-verzekeringspakket.htm'.</msg>
<arg>${URL}</arg>
<arg>Chrome</arg>
<arg>options=add_argument("--disable-search-engine-choice-screen")</arg>
<doc>Opens a new browser instance to the optional ``url``.</doc>
<status status="PASS" start="2024-10-10T11:20:39.402334" elapsed="1.868688"/>
</kw>
<kw name="Maximize Browser Window" owner="SeleniumLibrary">
<doc>Maximizes current browser window.</doc>
<status status="PASS" start="2024-10-10T11:20:41.271022" elapsed="0.019859"/>
</kw>
<kw name="Click Accepteer cookies">
<kw name="Sleep" owner="BuiltIn">
<msg time="2024-10-10T11:20:43.292131" level="INFO">Slept 2 seconds.</msg>
<arg>2s</arg>
<doc>Pauses the test executed for the given time.</doc>
<status status="PASS" start="2024-10-10T11:20:41.291878" elapsed="2.000253"/>
</kw>
<kw name="Click Element" owner="SeleniumLibrary">
<msg time="2024-10-10T11:20:43.292639" level="INFO">Clicking element 'id=bcAcceptAll'.</msg>
<arg>id=bcAcceptAll</arg>
<doc>Click the element identified by ``locator``.</doc>
<status status="PASS" start="2024-10-10T11:20:43.292131" elapsed="0.040897"/>
</kw>
<status status="PASS" start="2024-10-10T11:20:41.291878" elapsed="2.041150"/>
</kw>
<kw name="Controleer dat de pagina Premie berekenen Verzekeringspakket is geopend">
<kw name="Page Should Contain Element" owner="SeleniumLibrary">
<msg time="2024-10-10T11:20:43.339104" level="INFO">Current page contains element 'id:Premie_berekenen_Verzekeringsp-anchor'.</msg>
<arg>id:Premie_berekenen_Verzekeringsp-anchor</arg>
<doc>Verifies that element ``locator`` is found on the current page.</doc>
<status status="PASS" start="2024-10-10T11:20:43.333028" elapsed="0.007075"/>
</kw>
<kw name="Select Frame" owner="SeleniumLibrary">
<msg time="2024-10-10T11:20:43.340103" level="INFO">Selecting frame 'id:webmodule-iframe'.</msg>
<arg>id:webmodule-iframe</arg>
<doc>Sets frame identified by ``locator`` as the current frame.</doc>
<status status="PASS" start="2024-10-10T11:20:43.340103" elapsed="0.018353"/>
</kw>
<status status="PASS" start="2024-10-10T11:20:43.333028" elapsed="0.025428"/>
</kw>
<kw name="Klik op Aansprakelijkheidsverzekering">
<kw name="Click Element" owner="SeleniumLibrary">
<msg time="2024-10-10T11:20:43.358456" level="INFO">Clicking element 'id:label_gewenste_verzekeringen3'.</msg>
<arg>id:label_gewenste_verzekeringen3</arg>
<doc>Click the element identified by ``locator``.</doc>
<status status="PASS" start="2024-10-10T11:20:43.358456" elapsed="0.136566"/>
</kw>
<status status="PASS" start="2024-10-10T11:20:43.358456" elapsed="0.136566"/>
</kw>
<kw name="Klik op de knop rechts onder om naar de volgende pagina te gaan" owner="Resources">
<kw name="Wait Until Element Is Visible" owner="SeleniumLibrary">
<arg>id:_eventId_volgende</arg>
<doc>Waits until the element ``locator`` is visible.</doc>
<status status="PASS" start="2024-10-10T11:20:43.495022" elapsed="0.028026"/>
</kw>
<kw name="Sleep" owner="BuiltIn">
<msg time="2024-10-10T11:20:44.523150" level="INFO">Slept 1 second.</msg>
<arg>1s</arg>
<doc>Pauses the test executed for the given time.</doc>
<status status="PASS" start="2024-10-10T11:20:43.523048" elapsed="1.000102"/>
</kw>
<kw name="Capture Page Screenshot" owner="SeleniumLibrary">
<msg time="2024-10-10T11:20:44.643867" level="INFO" html="true">&lt;/td&gt;&lt;/tr&gt;&lt;tr&gt;&lt;td colspan="3"&gt;&lt;a href="selenium-screenshot-96.png"&gt;&lt;img src="selenium-screenshot-96.png" width="800px"&gt;&lt;/a&gt;</msg>
<doc>Takes a screenshot of the current page and embeds it into a log file.</doc>
<status status="PASS" start="2024-10-10T11:20:44.523150" elapsed="0.120717"/>
</kw>
<kw name="Click Button" owner="SeleniumLibrary">
<msg time="2024-10-10T11:20:44.643867" level="INFO">Clicking button 'id:_eventId_volgende'.</msg>
<arg>id:_eventId_volgende</arg>
<doc>Clicks the button identified by ``locator``.</doc>
<status status="PASS" start="2024-10-10T11:20:44.643867" elapsed="0.052582"/>
</kw>
<kw name="Sleep" owner="BuiltIn">
<msg time="2024-10-10T11:20:45.696778" level="INFO">Slept 1 second.</msg>
<arg>1s</arg>
<doc>Pauses the test executed for the given time.</doc>
<status status="PASS" start="2024-10-10T11:20:44.696449" elapsed="1.000329"/>
</kw>
<status status="PASS" start="2024-10-10T11:20:43.495022" elapsed="2.201756"/>
</kw>
<kw name="Kies bij Verzekering voor: &quot;Uzelf&quot;" owner="Resources">
<kw name="Wait Until Element Is Visible" owner="SeleniumLibrary">
<arg>id:label_contract_gezinssituatie1</arg>
<doc>Waits until the element ``locator`` is visible.</doc>
<status status="PASS" start="2024-10-10T11:20:45.696778" elapsed="0.013525"/>
</kw>
<kw name="Click Element" owner="SeleniumLibrary">
<msg time="2024-10-10T11:20:45.710303" level="INFO">Clicking element 'id:label_contract_gezinssituatie1'.</msg>
<arg>id:label_contract_gezinssituatie1</arg>
<doc>Click the element identified by ``locator``.</doc>
<status status="PASS" start="2024-10-10T11:20:45.710303" elapsed="0.046038"/>
</kw>
<status status="PASS" start="2024-10-10T11:20:45.696778" elapsed="0.059563"/>
</kw>
<kw name="Kies voor Gewenste verzekering voor &quot;zonder eigen risico&quot;" owner="Resources">
<kw name="Sleep" owner="BuiltIn">
<msg time="2024-10-10T11:20:46.757830" level="INFO">Slept 1 second.</msg>
<arg>1s</arg>
<doc>Pauses the test executed for the given time.</doc>
<status status="PASS" start="2024-10-10T11:20:45.757346" elapsed="1.000484"/>
</kw>
<kw name="Click Element" owner="SeleniumLibrary">
<msg time="2024-10-10T11:20:46.757830" level="INFO">Clicking element 'id:bedrag_aansprakelijkheid_hoog_zonder'.</msg>
<arg>id:bedrag_aansprakelijkheid_hoog_zonder</arg>
<doc>Click the element identified by ``locator``.</doc>
<status status="PASS" start="2024-10-10T11:20:46.757830" elapsed="0.048648"/>
</kw>
<status status="PASS" start="2024-10-10T11:20:45.757346" elapsed="1.049132"/>
</kw>
<kw name="Klik op de knop rechts onder om naar de volgende pagina te gaan" owner="Resources">
<kw name="Wait Until Element Is Visible" owner="SeleniumLibrary">
<arg>id:_eventId_volgende</arg>
<doc>Waits until the element ``locator`` is visible.</doc>
<status status="PASS" start="2024-10-10T11:20:46.807483" elapsed="0.009616"/>
</kw>
<kw name="Sleep" owner="BuiltIn">
<msg time="2024-10-10T11:20:47.818615" level="INFO">Slept 1 second.</msg>
<arg>1s</arg>
<doc>Pauses the test executed for the given time.</doc>
<status status="PASS" start="2024-10-10T11:20:46.818105" elapsed="1.000510"/>
</kw>
<kw name="Capture Page Screenshot" owner="SeleniumLibrary">
<msg time="2024-10-10T11:20:47.937406" level="INFO" html="true">&lt;/td&gt;&lt;/tr&gt;&lt;tr&gt;&lt;td colspan="3"&gt;&lt;a href="selenium-screenshot-97.png"&gt;&lt;img src="selenium-screenshot-97.png" width="800px"&gt;&lt;/a&gt;</msg>
<doc>Takes a screenshot of the current page and embeds it into a log file.</doc>
<status status="PASS" start="2024-10-10T11:20:47.818615" elapsed="0.118791"/>
</kw>
<kw name="Click Button" owner="SeleniumLibrary">
<msg time="2024-10-10T11:20:47.937406" level="INFO">Clicking button 'id:_eventId_volgende'.</msg>
<arg>id:_eventId_volgende</arg>
<doc>Clicks the button identified by ``locator``.</doc>
<status status="PASS" start="2024-10-10T11:20:47.937406" elapsed="0.051383"/>
</kw>
<kw name="Sleep" owner="BuiltIn">
<msg time="2024-10-10T11:20:48.989093" level="INFO">Slept 1 second.</msg>
<arg>1s</arg>
<doc>Pauses the test executed for the given time.</doc>
<status status="PASS" start="2024-10-10T11:20:47.988789" elapsed="1.000304"/>
</kw>
<status status="PASS" start="2024-10-10T11:20:46.807483" elapsed="2.181610"/>
</kw>
<kw name="Klik op de knop rechts onder om naar de volgende pagina te gaan" owner="Resources">
<kw name="Wait Until Element Is Visible" owner="SeleniumLibrary">
<arg>id:_eventId_volgende</arg>
<doc>Waits until the element ``locator`` is visible.</doc>
<status status="PASS" start="2024-10-10T11:20:48.989595" elapsed="0.009510"/>
</kw>
<kw name="Sleep" owner="BuiltIn">
<msg time="2024-10-10T11:20:49.999583" level="INFO">Slept 1 second.</msg>
<arg>1s</arg>
<doc>Pauses the test executed for the given time.</doc>
<status status="PASS" start="2024-10-10T11:20:48.999105" elapsed="1.000478"/>
</kw>
<kw name="Capture Page Screenshot" owner="SeleniumLibrary">
<msg time="2024-10-10T11:20:50.138754" level="INFO" html="true">&lt;/td&gt;&lt;/tr&gt;&lt;tr&gt;&lt;td colspan="3"&gt;&lt;a href="selenium-screenshot-98.png"&gt;&lt;img src="selenium-screenshot-98.png" width="800px"&gt;&lt;/a&gt;</msg>
<doc>Takes a screenshot of the current page and embeds it into a log file.</doc>
<status status="PASS" start="2024-10-10T11:20:49.999583" elapsed="0.139171"/>
</kw>
<kw name="Click Button" owner="SeleniumLibrary">
<msg time="2024-10-10T11:20:50.138754" level="INFO">Clicking button 'id:_eventId_volgende'.</msg>
<arg>id:_eventId_volgende</arg>
<doc>Clicks the button identified by ``locator``.</doc>
<status status="PASS" start="2024-10-10T11:20:50.138754" elapsed="0.052234"/>
</kw>
<kw name="Sleep" owner="BuiltIn">
<msg time="2024-10-10T11:20:51.191102" level="INFO">Slept 1 second.</msg>
<arg>1s</arg>
<doc>Pauses the test executed for the given time.</doc>
<status status="PASS" start="2024-10-10T11:20:50.190988" elapsed="1.000114"/>
</kw>
<status status="PASS" start="2024-10-10T11:20:48.989595" elapsed="2.201507"/>
</kw>
<kw name="Vul voor het veld" owner="Resources">
<kw name="Input Text" owner="SeleniumLibrary">
<msg time="2024-10-10T11:20:51.191102" level="INFO">Typing text 'D.E.M.O.' into text field 'id=aanvrager.voorletters'.</msg>
<arg>id=${Selector}</arg>
<arg>${Value}</arg>
<doc>Types the given ``text`` into the text field identified by ``locator``.</doc>
<status status="PASS" start="2024-10-10T11:20:51.191102" elapsed="0.089011"/>
</kw>
<arg>aanvrager.voorletters</arg>
<arg>D.E.M.O.</arg>
<status status="PASS" start="2024-10-10T11:20:51.191102" elapsed="0.089011"/>
</kw>
<kw name="Vul voor het veld" owner="Resources">
<kw name="Input Text" owner="SeleniumLibrary">
<msg time="2024-10-10T11:20:51.281114" level="INFO">Typing text 'RobotFrameWork' into text field 'id=aanvrager.achternaam'.</msg>
<arg>id=${Selector}</arg>
<arg>${Value}</arg>
<doc>Types the given ``text`` into the text field identified by ``locator``.</doc>
<status status="PASS" start="2024-10-10T11:20:51.280113" elapsed="0.076241"/>
</kw>
<arg>aanvrager.achternaam</arg>
<arg>RobotFrameWork</arg>
<status status="PASS" start="2024-10-10T11:20:51.280113" elapsed="0.076241"/>
</kw>
<kw name="Klik op Geslacht Man" owner="Resources">
<kw name="Click Element" owner="SeleniumLibrary">
<msg time="2024-10-10T11:20:51.357354" level="INFO">Clicking element 'id=label_aanvrager_geslacht1'.</msg>
<arg>id=label_aanvrager_geslacht1</arg>
<doc>Click the element identified by ``locator``.</doc>
<status status="PASS" start="2024-10-10T11:20:51.357354" elapsed="0.049599"/>
</kw>
<status status="PASS" start="2024-10-10T11:20:51.357354" elapsed="0.050599"/>
</kw>
<kw name="Vul voor het veld" owner="Resources">
<kw name="Input Text" owner="SeleniumLibrary">
<msg time="2024-10-10T11:20:51.407953" level="INFO">Typing text 'D.E.M.O.' into text field 'id=aanvrager.geboortedatum'.</msg>
<arg>id=${Selector}</arg>
<arg>${Value}</arg>
<doc>Types the given ``text`` into the text field identified by ``locator``.</doc>
<status status="PASS" start="2024-10-10T11:20:51.407953" elapsed="0.064038"/>
</kw>
<arg>aanvrager.geboortedatum</arg>
<arg>D.E.M.O.</arg>
<status status="PASS" start="2024-10-10T11:20:51.407953" elapsed="0.064038"/>
</kw>
<kw name="Vul voor het veld" owner="Resources">
<kw name="Input Text" owner="SeleniumLibrary">
<msg time="2024-10-10T11:20:51.471991" level="INFO">Typing text '2652JB' into text field 'id=aanvrager.adres.postcode'.</msg>
<arg>id=${Selector}</arg>
<arg>${Value}</arg>
<doc>Types the given ``text`` into the text field identified by ``locator``.</doc>
<status status="PASS" start="2024-10-10T11:20:51.471991" elapsed="0.061014"/>
</kw>
<arg>aanvrager.adres.postcode</arg>
<arg>2652JB</arg>
<status status="PASS" start="2024-10-10T11:20:51.471991" elapsed="0.061014"/>
</kw>
<kw name="Vul voor het veld" owner="Resources">
<kw name="Input Text" owner="SeleniumLibrary">
<msg time="2024-10-10T11:20:51.534005" level="INFO">Typing text '23' into text field 'id=aanvrager.adres.huisnummer.nummer'.</msg>
<arg>id=${Selector}</arg>
<arg>${Value}</arg>
<doc>Types the given ``text`` into the text field identified by ``locator``.</doc>
<status status="PASS" start="2024-10-10T11:20:51.533005" elapsed="0.055039"/>
</kw>
<arg>aanvrager.adres.huisnummer.nummer</arg>
<arg>23</arg>
<status status="PASS" start="2024-10-10T11:20:51.533005" elapsed="0.055039"/>
</kw>
<kw name="Vul voor het veld" owner="Resources">
<kw name="Input Text" owner="SeleniumLibrary">
<msg time="2024-10-10T11:20:51.589044" level="INFO">Typing text '0612312312' into text field 'id=aanvrager.telefoon'.</msg>
<arg>id=${Selector}</arg>
<arg>${Value}</arg>
<doc>Types the given ``text`` into the text field identified by ``locator``.</doc>
<status status="PASS" start="2024-10-10T11:20:51.589044" elapsed="0.072577"/>
</kw>
<arg>aanvrager.telefoon</arg>
<arg>0612312312</arg>
<status status="PASS" start="2024-10-10T11:20:51.589044" elapsed="0.072577"/>
</kw>
<kw name="Vul voor het veld" owner="Resources">
<kw name="Input Text" owner="SeleniumLibrary">
<msg time="2024-10-10T11:20:51.661621" level="INFO">Typing text '21-09-1980' into text field 'id=aanvrager.geboortedatum'.</msg>
<arg>id=${Selector}</arg>
<arg>${Value}</arg>
<doc>Types the given ``text`` into the text field identified by ``locator``.</doc>
<status status="PASS" start="2024-10-10T11:20:51.661621" elapsed="0.075317"/>
</kw>
<arg>aanvrager.geboortedatum</arg>
<arg>21-09-1980</arg>
<status status="PASS" start="2024-10-10T11:20:51.661621" elapsed="0.075317"/>
</kw>
<kw name="Vul voor het veld" owner="Resources">
<kw name="Input Text" owner="SeleniumLibrary">
<msg time="2024-10-10T11:20:51.737941" level="INFO">Typing text 'test@klaverblad.nl' into text field 'id=aanvrager.email'.</msg>
<arg>id=${Selector}</arg>
<arg>${Value}</arg>
<doc>Types the given ``text`` into the text field identified by ``locator``.</doc>
<status status="PASS" start="2024-10-10T11:20:51.736938" elapsed="0.090297"/>
</kw>
<arg>aanvrager.email</arg>
<arg>test@klaverblad.nl</arg>
<status status="PASS" start="2024-10-10T11:20:51.736938" elapsed="0.090297"/>
</kw>
<kw name="Vul voor het veld" owner="Resources">
<kw name="Input Text" owner="SeleniumLibrary">
<msg time="2024-10-10T11:20:51.828235" level="INFO">Typing text '21-09-1980' into text field 'id=aanvrager.geboortedatum'.</msg>
<arg>id=${Selector}</arg>
<arg>${Value}</arg>
<doc>Types the given ``text`` into the text field identified by ``locator``.</doc>
<status status="PASS" start="2024-10-10T11:20:51.827235" elapsed="0.078074"/>
</kw>
<arg>aanvrager.geboortedatum</arg>
<arg>21-09-1980</arg>
<status status="PASS" start="2024-10-10T11:20:51.827235" elapsed="0.078074"/>
</kw>
<kw name="Vul voor het veld" owner="Resources">
<kw name="Input Text" owner="SeleniumLibrary">
<msg time="2024-10-10T11:20:51.906314" level="INFO">Typing text 'test@klaverblad.nl' into text field 'id=aanvrager.email'.</msg>
<arg>id=${Selector}</arg>
<arg>${Value}</arg>
<doc>Types the given ``text`` into the text field identified by ``locator``.</doc>
<status status="PASS" start="2024-10-10T11:20:51.906314" elapsed="0.089204"/>
</kw>
<arg>aanvrager.email</arg>
<arg>test@klaverblad.nl</arg>
<status status="PASS" start="2024-10-10T11:20:51.906314" elapsed="0.090707"/>
</kw>
<kw name="Vul voor het veld" owner="Resources">
<kw name="Input Text" owner="SeleniumLibrary">
<msg time="2024-10-10T11:20:51.997021" level="INFO">Typing text 'NL05RABO9007769359' into text field 'id=contract.rekening'.</msg>
<arg>id=${Selector}</arg>
<arg>${Value}</arg>
<doc>Types the given ``text`` into the text field identified by ``locator``.</doc>
<status status="PASS" start="2024-10-10T11:20:51.997021" elapsed="0.087879"/>
</kw>
<arg>contract.rekening</arg>
<arg>NL05RABO9007769359</arg>
<status status="PASS" start="2024-10-10T11:20:51.997021" elapsed="0.087879"/>
</kw>
<kw name="Vul voor het veld" owner="Resources">
<kw name="Input Text" owner="SeleniumLibrary">
<msg time="2024-10-10T11:20:52.084900" level="INFO">Typing text '10-10-2024' into text field 'id=aansprakelijkheidsverzekering.contract.ingangsdatum'.</msg>
<arg>id=${Selector}</arg>
<arg>${Value}</arg>
<doc>Types the given ``text`` into the text field identified by ``locator``.</doc>
<status status="PASS" start="2024-10-10T11:20:52.084900" elapsed="0.070256"/>
</kw>
<arg>aansprakelijkheidsverzekering.contract.ingangsdatum</arg>
<arg>${DatumVandaag}</arg>
<status status="PASS" start="2024-10-10T11:20:52.084900" elapsed="0.070256"/>
</kw>
<kw name="Klik bij Heeft u nog opmerkingen op Nee" owner="Resources">
<kw name="Click Element" owner="SeleniumLibrary">
<msg time="2024-10-10T11:20:52.156190" level="INFO">Clicking element 'id=label_contract_zijnErOpmerkingen2'.</msg>
<arg>id=label_contract_zijnErOpmerkingen2</arg>
<doc>Click the element identified by ``locator``.</doc>
<status status="PASS" start="2024-10-10T11:20:52.156190" elapsed="0.049456"/>
</kw>
<status status="PASS" start="2024-10-10T11:20:52.156190" elapsed="0.050461"/>
</kw>
<kw name="Zet een vink &quot;bij Ik begrijp deze uitleg en vul de vragen eerlijk in&quot;" owner="Resources">
<kw name="Click Element" owner="SeleniumLibrary">
<msg time="2024-10-10T11:20:52.206651" level="INFO">Clicking element 'xpath=//*[@id="webmoduleform"]/div/fieldset[3]/div[1]/div[3]/ins'.</msg>
<arg>xpath=//*[@id="webmoduleform"]/div/fieldset[3]/div[1]/div[3]/ins</arg>
<doc>Click the element identified by ``locator``.</doc>
<status status="PASS" start="2024-10-10T11:20:52.206651" elapsed="0.046039"/>
</kw>
<status status="PASS" start="2024-10-10T11:20:52.206651" elapsed="0.046039"/>
</kw>
<kw name="Zet vervolgens alle Radiobuttons op Nee" owner="Resources">
<kw name="Click Element" owner="SeleniumLibrary">
<msg time="2024-10-10T11:20:52.253690" level="INFO">Clicking element 'xpath=//*[@id="keuzes.verklaring0"]/li[2]/div/ins'.</msg>
<arg>xpath=//*[@id="keuzes.verklaring0"]/li[2]/div/ins</arg>
<doc>Click the element identified by ``locator``.</doc>
<status status="PASS" start="2024-10-10T11:20:52.253690" elapsed="0.045581"/>
</kw>
<kw name="Click Element" owner="SeleniumLibrary">
<msg time="2024-10-10T11:20:52.299271" level="INFO">Clicking element 'xpath=//*[@id="keuzes.verklaring1"]/li[2]/div/ins'.</msg>
<arg>xpath=//*[@id="keuzes.verklaring1"]/li[2]/div/ins</arg>
<doc>Click the element identified by ``locator``.</doc>
<status status="PASS" start="2024-10-10T11:20:52.299271" elapsed="0.046784"/>
</kw>
<kw name="Click Element" owner="SeleniumLibrary">
<msg time="2024-10-10T11:20:52.346055" level="INFO">Clicking element 'xpath=//*[@id="keuzes.verklaring2"]/li[2]/div/ins'.</msg>
<arg>xpath=//*[@id="keuzes.verklaring2"]/li[2]/div/ins</arg>
<doc>Click the element identified by ``locator``.</doc>
<status status="PASS" start="2024-10-10T11:20:52.346055" elapsed="0.043381"/>
</kw>
<kw name="Click Element" owner="SeleniumLibrary">
<msg time="2024-10-10T11:20:52.390437" level="INFO">Clicking element 'xpath=//*[@id="keuzes.verklaring3"]/li[2]/div/ins'.</msg>
<arg>xpath=//*[@id="keuzes.verklaring3"]/li[2]/div/ins</arg>
<doc>Click the element identified by ``locator``.</doc>
<status status="PASS" start="2024-10-10T11:20:52.390437" elapsed="0.048459"/>
</kw>
<kw name="Click Element" owner="SeleniumLibrary">
<msg time="2024-10-10T11:20:52.439900" level="INFO">Clicking element 'xpath=//*[@id="keuzes.verklaring4"]/li[2]/div/ins'.</msg>
<arg>xpath=//*[@id="keuzes.verklaring4"]/li[2]/div/ins</arg>
<doc>Click the element identified by ``locator``.</doc>
<status status="PASS" start="2024-10-10T11:20:52.439900" elapsed="0.043520"/>
</kw>
<status status="PASS" start="2024-10-10T11:20:52.252690" elapsed="0.230730"/>
</kw>
<kw name="Klik op &quot;Ik ben akkoord met onderstaande bepalingen:&quot;" owner="Resources">
<kw name="Click Element" owner="SeleniumLibrary">
<msg time="2024-10-10T11:20:52.484925" level="INFO">Clicking element 'xpath=//*[@id="webmoduleform"]/div/fieldset[4]/div[2]/div[2]/ins'.</msg>
<arg>xpath=//*[@id="webmoduleform"]/div/fieldset[4]/div[2]/div[2]/ins</arg>
<doc>Click the element identified by ``locator``.</doc>
<status status="PASS" start="2024-10-10T11:20:52.484925" elapsed="0.044042"/>
</kw>
<status status="PASS" start="2024-10-10T11:20:52.483420" elapsed="0.045547"/>
</kw>
<kw name="Klik op de knop rechts onder om naar de volgende pagina te gaan" owner="Resources">
<kw name="Wait Until Element Is Visible" owner="SeleniumLibrary">
<arg>id:_eventId_volgende</arg>
<doc>Waits until the element ``locator`` is visible.</doc>
<status status="PASS" start="2024-10-10T11:20:52.529966" elapsed="0.008231"/>
</kw>
<kw name="Sleep" owner="BuiltIn">
<msg time="2024-10-10T11:20:53.538635" level="INFO">Slept 1 second.</msg>
<arg>1s</arg>
<doc>Pauses the test executed for the given time.</doc>
<status status="PASS" start="2024-10-10T11:20:52.538197" elapsed="1.000438"/>
</kw>
<kw name="Capture Page Screenshot" owner="SeleniumLibrary">
<msg time="2024-10-10T11:20:53.659898" level="INFO" html="true">&lt;/td&gt;&lt;/tr&gt;&lt;tr&gt;&lt;td colspan="3"&gt;&lt;a href="selenium-screenshot-99.png"&gt;&lt;img src="selenium-screenshot-99.png" width="800px"&gt;&lt;/a&gt;</msg>
<doc>Takes a screenshot of the current page and embeds it into a log file.</doc>
<status status="PASS" start="2024-10-10T11:20:53.538635" elapsed="0.122262"/>
</kw>
<kw name="Click Button" owner="SeleniumLibrary">
<msg time="2024-10-10T11:20:53.660897" level="INFO">Clicking button 'id:_eventId_volgende'.</msg>
<arg>id:_eventId_volgende</arg>
<doc>Clicks the button identified by ``locator``.</doc>
<status status="PASS" start="2024-10-10T11:20:53.660897" elapsed="0.068787"/>
</kw>
<kw name="Sleep" owner="BuiltIn">
<msg time="2024-10-10T11:20:54.731139" level="INFO">Slept 1 second.</msg>
<arg>1s</arg>
<doc>Pauses the test executed for the given time.</doc>
<status status="PASS" start="2024-10-10T11:20:53.730683" elapsed="1.000456"/>
</kw>
<status status="PASS" start="2024-10-10T11:20:52.528967" elapsed="2.202172"/>
</kw>
<kw name="Controleer dat voor" owner="Resources">
<kw name="Element Text Should Be" owner="SeleniumLibrary">
<msg time="2024-10-10T11:20:54.731139" level="INFO">Verifying element 'id=waarde.vn.volledigenaam' contains exact text 'D.E.M.O. RobotFrameWork'.</msg>
<arg>id=${Selector}</arg>
<arg>${Value}</arg>
<doc>Verifies that element ``locator`` contains exact the text ``expected``.</doc>
<status status="PASS" start="2024-10-10T11:20:54.731139" elapsed="0.014333"/>
</kw>
<arg>waarde.vn.volledigenaam</arg>
<arg>D.E.M.O. RobotFrameWork</arg>
<status status="PASS" start="2024-10-10T11:20:54.731139" elapsed="0.014333"/>
</kw>
<kw name="Controleer dat voor" owner="Resources">
<kw name="Element Text Should Be" owner="SeleniumLibrary">
<msg time="2024-10-10T11:20:54.746477" level="INFO">Verifying element 'id=waarde.vn.straat' contains exact text 'Rietmeerplantsoen'.</msg>
<arg>id=${Selector}</arg>
<arg>${Value}</arg>
<doc>Verifies that element ``locator`` contains exact the text ``expected``.</doc>
<status status="PASS" start="2024-10-10T11:20:54.746477" elapsed="0.010508"/>
</kw>
<arg>waarde.vn.straat</arg>
<arg>Rietmeerplantsoen</arg>
<status status="PASS" start="2024-10-10T11:20:54.745472" elapsed="0.011513"/>
</kw>
<kw name="Controleer dat voor" owner="Resources">
<kw name="Element Text Should Be" owner="SeleniumLibrary">
<msg time="2024-10-10T11:20:54.756985" level="INFO">Verifying element 'id=waarde.vn.huisnummer' contains exact text '23'.</msg>
<arg>id=${Selector}</arg>
<arg>${Value}</arg>
<doc>Verifies that element ``locator`` contains exact the text ``expected``.</doc>
<status status="PASS" start="2024-10-10T11:20:54.756985" elapsed="0.010509"/>
</kw>
<arg>waarde.vn.huisnummer</arg>
<arg>23</arg>
<status status="PASS" start="2024-10-10T11:20:54.756985" elapsed="0.010509"/>
</kw>
<kw name="Controleer dat voor" owner="Resources">
<kw name="Element Text Should Be" owner="SeleniumLibrary">
<msg time="2024-10-10T11:20:54.768494" level="INFO">Verifying element 'id=waarde.vn.plaats' contains exact text 'Berkel en Rodenrijs'.</msg>
<arg>id=${Selector}</arg>
<arg>${Value}</arg>
<doc>Verifies that element ``locator`` contains exact the text ``expected``.</doc>
<status status="PASS" start="2024-10-10T11:20:54.767494" elapsed="0.010510"/>
</kw>
<arg>waarde.vn.plaats</arg>
<arg>Berkel en Rodenrijs</arg>
<status status="PASS" start="2024-10-10T11:20:54.767494" elapsed="0.011508"/>
</kw>
<kw name="Capture Page Screenshot" owner="SeleniumLibrary">
<msg time="2024-10-10T11:20:54.901730" level="INFO" html="true">&lt;/td&gt;&lt;/tr&gt;&lt;tr&gt;&lt;td colspan="3"&gt;&lt;a href="selenium-screenshot-100.png"&gt;&lt;img src="selenium-screenshot-100.png" width="800px"&gt;&lt;/a&gt;</msg>
<doc>Takes a screenshot of the current page and embeds it into a log file.</doc>
<status status="PASS" start="2024-10-10T11:20:54.779002" elapsed="0.122728"/>
</kw>
<kw name="Close Browser" owner="SeleniumLibrary" type="TEARDOWN">
<doc>Closes the current browser.</doc>
<status status="PASS" start="2024-10-10T11:20:54.901730" elapsed="2.111477"/>
</kw>
<status status="PASS" start="2024-10-10T11:20:39.401335" elapsed="17.611872"/>
</test>
<doc>This is the first test case</doc>
<status status="PASS" start="2024-10-10T11:20:39.257652" elapsed="17.756557"/>
</suite>
<statistics>
<total>
<stat pass="1" fail="0" skip="0">All Tests</stat>
</total>
<tag>
</tag>
<suite>
<stat pass="1" fail="0" skip="0" id="s1" name="Klaverblad">Klaverblad</stat>
</suite>
</statistics>
<errors>
</errors>
</robot>
